<?xml version="1.0" encoding="UTF-8" ?>
<testsuites>
  <testsuite errors="1" failures="0" hostname="localhost" id="0" name="MiniGameTest" package="io.github.teamfractal" skipped="0" tests="1" time="0.059" timestamp="2017-02-18T13:57:15">
      <properties>
[...]
</properties>

      <testcase classname="io.github.teamfractal.MiniGameTest" name="initializationError" time="0.007">
          <error message="Lio/github/teamfractal/MiniGame;" type="java.lang.NoClassDefFoundError">java.lang.NoClassDefFoundError: Lio/github/teamfractal/MiniGame;
	at java.lang.Class.getDeclaredFields0(Native Method)
	at java.lang.Class.privateGetDeclaredFields(Class.java:2583)
	at java.lang.Class.getDeclaredFields(Class.java:1916)
	at java.lang.reflect.Constructor.newInstance(Constructor.java:423)
Caused by: java.lang.ClassNotFoundException: io.github.teamfractal.MiniGame
	at java.net.URLClassLoader.findClass(URLClassLoader.java:381)
	at java.lang.ClassLoader.loadClass(ClassLoader.java:424)
	at sun.misc.Launcher$AppClassLoader.loadClass(Launcher.java:331)
	at java.lang.ClassLoader.loadClass(ClassLoader.java:357)
</error>

      </testcase>

      <system-out><![CDATA[]]></system-out>

      <system-err><![CDATA[]]></system-err>

  </testsuite>
  <testsuite errors="1" failures="0" hostname="localhost" id="1" name="LandPlotTest$LandPlotParamTests" package="io.github.teamfractal.entity" skipped="0" tests="1" time="0.084" timestamp="2017-02-18T13:57:17">
      <properties>
[...]
</properties>

      <testcase classname="io.github.teamfractal.entity.LandPlotTest$LandPlotParamTests" name="initializationError" time="0.009">
          <error message="io/github/teamfractal/entity/enums/ResourceType" type="java.lang.NoClassDefFoundError">java.lang.NoClassDefFoundError: io/github/teamfractal/entity/enums/ResourceType
	at java.lang.Class.getDeclaredConstructors0(Native Method)
	at java.lang.Class.privateGetDeclaredConstructors(Class.java:2671)
	at java.lang.Class.getConstructors(Class.java:1651)
	at java.lang.reflect.Constructor.newInstance(Constructor.java:423)
	at java.lang.reflect.Constructor.newInstance(Constructor.java:423)
Caused by: java.lang.ClassNotFoundException: io.github.teamfractal.entity.enums.ResourceType
	at java.net.URLClassLoader.findClass(URLClassLoader.java:381)
	at java.lang.ClassLoader.loadClass(ClassLoader.java:424)
	at sun.misc.Launcher$AppClassLoader.loadClass(Launcher.java:331)
	at java.lang.ClassLoader.loadClass(ClassLoader.java:357)
</error>

      </testcase>

      <system-out><![CDATA[]]></system-out>

      <system-err><![CDATA[]]></system-err>

  </testsuite>
  <testsuite errors="1" failures="0" hostname="localhost" id="2" name="LandPlotTest$LandPlotSingleTests" package="io.github.teamfractal.entity" skipped="0" tests="1" time="0.083" timestamp="2017-02-18T13:57:18">
      <properties>
[...]
</properties>

      <testcase classname="io.github.teamfractal.entity.LandPlotTest$LandPlotSingleTests" name="initializationError" time="0.01">
          <error message="Lio/github/teamfractal/entity/LandPlot;" type="java.lang.NoClassDefFoundError">java.lang.NoClassDefFoundError: Lio/github/teamfractal/entity/LandPlot;
	at java.lang.Class.getDeclaredFields0(Native Method)
	at java.lang.Class.privateGetDeclaredFields(Class.java:2583)
	at java.lang.Class.getDeclaredFields(Class.java:1916)
	at java.lang.reflect.Constructor.newInstance(Constructor.java:423)
Caused by: java.lang.ClassNotFoundException: io.github.teamfractal.entity.LandPlot
	at java.net.URLClassLoader.findClass(URLClassLoader.java:381)
	at java.lang.ClassLoader.loadClass(ClassLoader.java:424)
	at sun.misc.Launcher$AppClassLoader.loadClass(Launcher.java:331)
	at java.lang.ClassLoader.loadClass(ClassLoader.java:357)
</error>

      </testcase>

      <system-out><![CDATA[]]></system-out>

      <system-err><![CDATA[]]></system-err>

  </testsuite>
  <testsuite errors="2" failures="0" hostname="localhost" id="3" name="LandPlotTest" package="io.github.teamfractal.entity" skipped="0" tests="2" time="0.063" timestamp="2017-02-18T13:57:16">
      <properties>
[...]
</properties>

      <testcase classname="io.github.teamfractal.entity.LandPlotTest$LandPlotParamTests" name="initializationError" time="0.008">
          <error message="io/github/teamfractal/entity/enums/ResourceType" type="java.lang.NoClassDefFoundError">java.lang.NoClassDefFoundError: io/github/teamfractal/entity/enums/ResourceType
	at java.lang.Class.getDeclaredConstructors0(Native Method)
	at java.lang.Class.privateGetDeclaredConstructors(Class.java:2671)
	at java.lang.Class.getConstructors(Class.java:1651)
	at java.lang.reflect.Constructor.newInstance(Constructor.java:423)
	at java.lang.reflect.Constructor.newInstance(Constructor.java:423)
	at java.lang.reflect.Constructor.newInstance(Constructor.java:423)
Caused by: java.lang.ClassNotFoundException: io.github.teamfractal.entity.enums.ResourceType
	at java.net.URLClassLoader.findClass(URLClassLoader.java:381)
	at java.lang.ClassLoader.loadClass(ClassLoader.java:424)
	at sun.misc.Launcher$AppClassLoader.loadClass(Launcher.java:331)
	at java.lang.ClassLoader.loadClass(ClassLoader.java:357)
</error>

      </testcase>

      <testcase classname="io.github.teamfractal.entity.LandPlotTest$LandPlotSingleTests" name="initializationError" time="0.001">
          <error message="Lio/github/teamfractal/entity/LandPlot;" type="java.lang.NoClassDefFoundError">java.lang.NoClassDefFoundError: Lio/github/teamfractal/entity/LandPlot;
	at java.lang.Class.getDeclaredFields0(Native Method)
	at java.lang.Class.privateGetDeclaredFields(Class.java:2583)
	at java.lang.Class.getDeclaredFields(Class.java:1916)
	at java.lang.reflect.Constructor.newInstance(Constructor.java:423)
	at java.lang.reflect.Constructor.newInstance(Constructor.java:423)
Caused by: java.lang.ClassNotFoundException: io.github.teamfractal.entity.LandPlot
	at java.net.URLClassLoader.findClass(URLClassLoader.java:381)
	at java.lang.ClassLoader.loadClass(ClassLoader.java:424)
	at sun.misc.Launcher$AppClassLoader.loadClass(Launcher.java:331)
	at java.lang.ClassLoader.loadClass(ClassLoader.java:357)
</error>

      </testcase>

      <system-out><![CDATA[]]></system-out>

      <system-err><![CDATA[]]></system-err>

  </testsuite>
  <testsuite errors="1" failures="0" hostname="localhost" id="4" name="LandPlotUnitTest$LandPlotParamTests" package="io.github.teamfractal.entity" skipped="0" tests="1" time="0.058" timestamp="2017-02-18T13:57:19">
      <properties>
[...]
</properties>

      <testcase classname="io.github.teamfractal.entity.LandPlotUnitTest$LandPlotParamTests" name="initializationError" time="0.006">
          <error message="io/github/teamfractal/entity/enums/ResourceType" type="java.lang.NoClassDefFoundError">java.lang.NoClassDefFoundError: io/github/teamfractal/entity/enums/ResourceType
	at java.lang.Class.getDeclaredConstructors0(Native Method)
	at java.lang.Class.privateGetDeclaredConstructors(Class.java:2671)
	at java.lang.Class.getConstructors(Class.java:1651)
	at java.lang.reflect.Constructor.newInstance(Constructor.java:423)
	at java.lang.reflect.Constructor.newInstance(Constructor.java:423)
Caused by: java.lang.ClassNotFoundException: io.github.teamfractal.entity.enums.ResourceType
	at java.net.URLClassLoader.findClass(URLClassLoader.java:381)
	at java.lang.ClassLoader.loadClass(ClassLoader.java:424)
	at sun.misc.Launcher$AppClassLoader.loadClass(Launcher.java:331)
	at java.lang.ClassLoader.loadClass(ClassLoader.java:357)
</error>

      </testcase>

      <system-out><![CDATA[]]></system-out>

      <system-err><![CDATA[]]></system-err>

  </testsuite>
  <testsuite errors="1" failures="0" hostname="localhost" id="5" name="LandPlotUnitTest$LandPlotSingleTests" package="io.github.teamfractal.entity" skipped="0" tests="1" time="0.071" timestamp="2017-02-18T13:57:20">
      <properties>
[...]
</properties>

      <testcase classname="io.github.teamfractal.entity.LandPlotUnitTest$LandPlotSingleTests" name="initializationError" time="0.012">
          <error message="io/github/teamfractal/entity/Roboticon" type="java.lang.NoClassDefFoundError">java.lang.NoClassDefFoundError: io/github/teamfractal/entity/Roboticon
	at java.lang.Class.getDeclaredMethods0(Native Method)
	at java.lang.Class.privateGetDeclaredMethods(Class.java:2701)
	at java.lang.Class.getDeclaredMethods(Class.java:1975)
	at java.lang.reflect.Constructor.newInstance(Constructor.java:423)
Caused by: java.lang.ClassNotFoundException: io.github.teamfractal.entity.Roboticon
	at java.net.URLClassLoader.findClass(URLClassLoader.java:381)
	at java.lang.ClassLoader.loadClass(ClassLoader.java:424)
	at sun.misc.Launcher$AppClassLoader.loadClass(Launcher.java:331)
	at java.lang.ClassLoader.loadClass(ClassLoader.java:357)
</error>

      </testcase>

      <system-out><![CDATA[]]></system-out>

      <system-err><![CDATA[]]></system-err>

  </testsuite>
  <testsuite errors="2" failures="0" hostname="localhost" id="6" name="LandPlotUnitTest" package="io.github.teamfractal.entity" skipped="0" tests="2" time="0.073" timestamp="2017-02-18T13:57:18">
      <properties>
[...]
</properties>

      <testcase classname="io.github.teamfractal.entity.LandPlotUnitTest$LandPlotParamTests" name="initializationError" time="0.008">
          <error message="io/github/teamfractal/entity/enums/ResourceType" type="java.lang.NoClassDefFoundError">java.lang.NoClassDefFoundError: io/github/teamfractal/entity/enums/ResourceType
	at java.lang.Class.getDeclaredConstructors0(Native Method)
	at java.lang.Class.privateGetDeclaredConstructors(Class.java:2671)
	at java.lang.Class.getConstructors(Class.java:1651)
	at java.lang.reflect.Constructor.newInstance(Constructor.java:423)
	at java.lang.reflect.Constructor.newInstance(Constructor.java:423)
	at java.lang.reflect.Constructor.newInstance(Constructor.java:423)
Caused by: java.lang.ClassNotFoundException: io.github.teamfractal.entity.enums.ResourceType
	at java.net.URLClassLoader.findClass(URLClassLoader.java:381)
	at java.lang.ClassLoader.loadClass(ClassLoader.java:424)
	at sun.misc.Launcher$AppClassLoader.loadClass(Launcher.java:331)
	at java.lang.ClassLoader.loadClass(ClassLoader.java:357)
</error>

      </testcase>

      <testcase classname="io.github.teamfractal.entity.LandPlotUnitTest$LandPlotSingleTests" name="initializationError" time="0.001">
          <error message="io/github/teamfractal/entity/Roboticon" type="java.lang.NoClassDefFoundError">java.lang.NoClassDefFoundError: io/github/teamfractal/entity/Roboticon
	at java.lang.Class.getDeclaredMethods0(Native Method)
	at java.lang.Class.privateGetDeclaredMethods(Class.java:2701)
	at java.lang.Class.getDeclaredMethods(Class.java:1975)
	at java.lang.reflect.Constructor.newInstance(Constructor.java:423)
	at java.lang.reflect.Constructor.newInstance(Constructor.java:423)
Caused by: java.lang.ClassNotFoundException: io.github.teamfractal.entity.Roboticon
	at java.net.URLClassLoader.findClass(URLClassLoader.java:381)
	at java.lang.ClassLoader.loadClass(ClassLoader.java:424)
	at sun.misc.Launcher$AppClassLoader.loadClass(Launcher.java:331)
	at java.lang.ClassLoader.loadClass(ClassLoader.java:357)
</error>

      </testcase>

      <system-out><![CDATA[]]></system-out>

      <system-err><![CDATA[]]></system-err>

  </testsuite>
  <testsuite errors="1" failures="0" hostname="localhost" id="7" name="MarketUnitTest" package="io.github.teamfractal.entity" skipped="0" tests="1" time="0.097" timestamp="2017-02-18T13:57:21">
      <properties>
[...]
</properties>

      <testcase classname="io.github.teamfractal.entity.MarketUnitTest" name="initializationError" time="0.005">
          <error message="Lio/github/teamfractal/entity/Market;" type="java.lang.NoClassDefFoundError">java.lang.NoClassDefFoundError: Lio/github/teamfractal/entity/Market;
	at java.lang.Class.getDeclaredFields0(Native Method)
	at java.lang.Class.privateGetDeclaredFields(Class.java:2583)
	at java.lang.Class.getDeclaredFields(Class.java:1916)
	at java.lang.reflect.Constructor.newInstance(Constructor.java:423)
Caused by: java.lang.ClassNotFoundException: io.github.teamfractal.entity.Market
	at java.net.URLClassLoader.findClass(URLClassLoader.java:381)
	at java.lang.ClassLoader.loadClass(ClassLoader.java:424)
	at sun.misc.Launcher$AppClassLoader.loadClass(Launcher.java:331)
	at java.lang.ClassLoader.loadClass(ClassLoader.java:357)
</error>

      </testcase>

      <system-out><![CDATA[]]></system-out>

      <system-err><![CDATA[]]></system-err>

  </testsuite>
  <testsuite errors="1" failures="0" hostname="localhost" id="8" name="PlayerTest$MarketPurchaseCustomisationParamaterisedTests" package="io.github.teamfractal.entity" skipped="0" tests="1" time="0.05" timestamp="2017-02-18T13:57:22">
      <properties>
[...]
</properties>

      <testcase classname="io.github.teamfractal.entity.PlayerTest$MarketPurchaseCustomisationParamaterisedTests" name="initializationError" time="0.006">
          <error message="io/github/teamfractal/entity/enums/PurchaseStatus" type="java.lang.NoClassDefFoundError">java.lang.NoClassDefFoundError: io/github/teamfractal/entity/enums/PurchaseStatus
	at java.lang.Class.getDeclaredConstructors0(Native Method)
	at java.lang.Class.privateGetDeclaredConstructors(Class.java:2671)
	at java.lang.Class.getConstructors(Class.java:1651)
	at java.lang.reflect.Constructor.newInstance(Constructor.java:423)
	at java.lang.reflect.Constructor.newInstance(Constructor.java:423)
Caused by: java.lang.ClassNotFoundException: io.github.teamfractal.entity.enums.PurchaseStatus
	at java.net.URLClassLoader.findClass(URLClassLoader.java:381)
	at java.lang.ClassLoader.loadClass(ClassLoader.java:424)
	at sun.misc.Launcher$AppClassLoader.loadClass(Launcher.java:331)
	at java.lang.ClassLoader.loadClass(ClassLoader.java:357)
</error>

      </testcase>

      <system-out><![CDATA[]]></system-out>

      <system-err><![CDATA[]]></system-err>

  </testsuite>
  <testsuite errors="1" failures="0" hostname="localhost" id="9" name="PlayerTest$MarketPurchaseRoboticonParamaterisedTests" package="io.github.teamfractal.entity" skipped="0" tests="1" time="0.061" timestamp="2017-02-18T13:57:23">
      <properties>
[...]
</properties>

      <testcase classname="io.github.teamfractal.entity.PlayerTest$MarketPurchaseRoboticonParamaterisedTests" name="initializationError" time="0.008">
          <error message="io/github/teamfractal/entity/enums/PurchaseStatus" type="java.lang.NoClassDefFoundError">java.lang.NoClassDefFoundError: io/github/teamfractal/entity/enums/PurchaseStatus
	at java.lang.Class.getDeclaredConstructors0(Native Method)
	at java.lang.Class.privateGetDeclaredConstructors(Class.java:2671)
	at java.lang.Class.getConstructors(Class.java:1651)
	at java.lang.reflect.Constructor.newInstance(Constructor.java:423)
	at java.lang.reflect.Constructor.newInstance(Constructor.java:423)
Caused by: java.lang.ClassNotFoundException: io.github.teamfractal.entity.enums.PurchaseStatus
	at java.net.URLClassLoader.findClass(URLClassLoader.java:381)
	at java.lang.ClassLoader.loadClass(ClassLoader.java:424)
	at sun.misc.Launcher$AppClassLoader.loadClass(Launcher.java:331)
	at java.lang.ClassLoader.loadClass(ClassLoader.java:357)
</error>

      </testcase>

      <system-out><![CDATA[]]></system-out>

      <system-err><![CDATA[]]></system-err>

  </testsuite>
  <testsuite errors="1" failures="0" hostname="localhost" id="10" name="PlayerTest$PlayerGenerateResourcesParamaterisedTests" package="io.github.teamfractal.entity" skipped="0" tests="1" time="0.055" timestamp="2017-02-18T13:57:23">
      <properties>
[...]
</properties>

      <testcase classname="io.github.teamfractal.entity.PlayerTest$PlayerGenerateResourcesParamaterisedTests" name="initializationError" time="0.005">
          <error message="io/github/teamfractal/entity/enums/ResourceType" type="java.lang.NoClassDefFoundError">java.lang.NoClassDefFoundError: io/github/teamfractal/entity/enums/ResourceType
	at java.lang.Class.getDeclaredConstructors0(Native Method)
	at java.lang.Class.privateGetDeclaredConstructors(Class.java:2671)
	at java.lang.Class.getConstructors(Class.java:1651)
	at java.lang.reflect.Constructor.newInstance(Constructor.java:423)
	at java.lang.reflect.Constructor.newInstance(Constructor.java:423)
Caused by: java.lang.ClassNotFoundException: io.github.teamfractal.entity.enums.ResourceType
	at java.net.URLClassLoader.findClass(URLClassLoader.java:381)
	at java.lang.ClassLoader.loadClass(ClassLoader.java:424)
	at sun.misc.Launcher$AppClassLoader.loadClass(Launcher.java:331)
	at java.lang.ClassLoader.loadClass(ClassLoader.java:357)
</error>

      </testcase>

      <system-out><![CDATA[]]></system-out>

      <system-err><![CDATA[]]></system-err>

  </testsuite>
  <testsuite errors="1" failures="0" hostname="localhost" id="11" name="PlayerTest$PlayerGetCustomisedRoboticonAmountListParamaterisedTests" package="io.github.teamfractal.entity" skipped="0" tests="1" time="0.106" timestamp="2017-02-18T13:57:24">
      <properties>
[...]
</properties>

      <testcase classname="io.github.teamfractal.entity.PlayerTest$PlayerGetCustomisedRoboticonAmountListParamaterisedTests" name="initializationError" time="0.004">
          <error message="Lio/github/teamfractal/entity/Player;" type="java.lang.NoClassDefFoundError">java.lang.NoClassDefFoundError: Lio/github/teamfractal/entity/Player;
	at java.lang.Class.getDeclaredFields0(Native Method)
	at java.lang.Class.privateGetDeclaredFields(Class.java:2583)
	at java.lang.Class.getDeclaredFields(Class.java:1916)
	at java.lang.reflect.Constructor.newInstance(Constructor.java:423)
	at java.lang.reflect.Constructor.newInstance(Constructor.java:423)
Caused by: java.lang.ClassNotFoundException: io.github.teamfractal.entity.Player
	at java.net.URLClassLoader.findClass(URLClassLoader.java:381)
	at java.lang.ClassLoader.loadClass(ClassLoader.java:424)
	at sun.misc.Launcher$AppClassLoader.loadClass(Launcher.java:331)
	at java.lang.ClassLoader.loadClass(ClassLoader.java:357)
</error>

      </testcase>

      <system-out><![CDATA[]]></system-out>

      <system-err><![CDATA[]]></system-err>

  </testsuite>
  <testsuite errors="1" failures="0" hostname="localhost" id="12" name="PlayerTest$PlayerGetScoreParamaterisedTests" package="io.github.teamfractal.entity" skipped="0" tests="1" time="0.069" timestamp="2017-02-18T13:57:25">
      <properties>
[...]
</properties>

      <testcase classname="io.github.teamfractal.entity.PlayerTest$PlayerGetScoreParamaterisedTests" name="initializationError" time="0.007">
          <error message="Lio/github/teamfractal/entity/Player;" type="java.lang.NoClassDefFoundError">java.lang.NoClassDefFoundError: Lio/github/teamfractal/entity/Player;
	at java.lang.Class.getDeclaredFields0(Native Method)
	at java.lang.Class.privateGetDeclaredFields(Class.java:2583)
	at java.lang.Class.getDeclaredFields(Class.java:1916)
	at java.lang.reflect.Constructor.newInstance(Constructor.java:423)
	at java.lang.reflect.Constructor.newInstance(Constructor.java:423)
Caused by: java.lang.ClassNotFoundException: io.github.teamfractal.entity.Player
	at java.net.URLClassLoader.findClass(URLClassLoader.java:381)
	at java.lang.ClassLoader.loadClass(ClassLoader.java:424)
	at sun.misc.Launcher$AppClassLoader.loadClass(Launcher.java:331)
	at java.lang.ClassLoader.loadClass(ClassLoader.java:357)
</error>

      </testcase>

      <system-out><![CDATA[]]></system-out>

      <system-err><![CDATA[]]></system-err>

  </testsuite>
  <testsuite errors="1" failures="0" hostname="localhost" id="13" name="PlayerTest$PlayerPurhaseLandPlotParamaterisedTests" package="io.github.teamfractal.entity" skipped="0" tests="1" time="0.096" timestamp="2017-02-18T13:57:25">
      <properties>
[...]
</properties>

      <testcase classname="io.github.teamfractal.entity.PlayerTest$PlayerPurhaseLandPlotParamaterisedTests" name="initializationError" time="0.004">
          <error message="Lio/github/teamfractal/entity/Player;" type="java.lang.NoClassDefFoundError">java.lang.NoClassDefFoundError: Lio/github/teamfractal/entity/Player;
	at java.lang.Class.getDeclaredFields0(Native Method)
	at java.lang.Class.privateGetDeclaredFields(Class.java:2583)
	at java.lang.Class.getDeclaredFields(Class.java:1916)
	at java.lang.reflect.Constructor.newInstance(Constructor.java:423)
	at java.lang.reflect.Constructor.newInstance(Constructor.java:423)
Caused by: java.lang.ClassNotFoundException: io.github.teamfractal.entity.Player
	at java.net.URLClassLoader.findClass(URLClassLoader.java:381)
	at java.lang.ClassLoader.loadClass(ClassLoader.java:424)
	at sun.misc.Launcher$AppClassLoader.loadClass(Launcher.java:331)
	at java.lang.ClassLoader.loadClass(ClassLoader.java:357)
</error>

      </testcase>

      <system-out><![CDATA[]]></system-out>

      <system-err><![CDATA[]]></system-err>

  </testsuite>
  <testsuite errors="1" failures="0" hostname="localhost" id="14" name="PlayerTest$PlayerSingleTests" package="io.github.teamfractal.entity" skipped="0" tests="1" time="0.058" timestamp="2017-02-18T13:57:26">
      <properties>
[...]
</properties>

      <testcase classname="io.github.teamfractal.entity.PlayerTest$PlayerSingleTests" name="initializationError" time="0.005">
          <error message="Lio/github/teamfractal/entity/Player;" type="java.lang.NoClassDefFoundError">java.lang.NoClassDefFoundError: Lio/github/teamfractal/entity/Player;
	at java.lang.Class.getDeclaredFields0(Native Method)
	at java.lang.Class.privateGetDeclaredFields(Class.java:2583)
	at java.lang.Class.getDeclaredFields(Class.java:1916)
	at java.lang.reflect.Constructor.newInstance(Constructor.java:423)
Caused by: java.lang.ClassNotFoundException: io.github.teamfractal.entity.Player
	at java.net.URLClassLoader.findClass(URLClassLoader.java:381)
	at java.lang.ClassLoader.loadClass(ClassLoader.java:424)
	at sun.misc.Launcher$AppClassLoader.loadClass(Launcher.java:331)
	at java.lang.ClassLoader.loadClass(ClassLoader.java:357)
</error>

      </testcase>

      <system-out><![CDATA[]]></system-out>

      <system-err><![CDATA[]]></system-err>

  </testsuite>
  <testsuite errors="7" failures="0" hostname="localhost" id="15" name="PlayerTest" package="io.github.teamfractal.entity" skipped="0" tests="7" time="0.059" timestamp="2017-02-18T13:57:21">
      <properties>
[...]
</properties>

      <testcase classname="io.github.teamfractal.entity.PlayerTest$MarketPurchaseCustomisationParamaterisedTests" name="initializationError" time="0.004">
          <error message="io/github/teamfractal/entity/enums/PurchaseStatus" type="java.lang.NoClassDefFoundError">java.lang.NoClassDefFoundError: io/github/teamfractal/entity/enums/PurchaseStatus
	at java.lang.Class.getDeclaredConstructors0(Native Method)
	at java.lang.Class.privateGetDeclaredConstructors(Class.java:2671)
	at java.lang.Class.getConstructors(Class.java:1651)
	at java.lang.reflect.Constructor.newInstance(Constructor.java:423)
	at java.lang.reflect.Constructor.newInstance(Constructor.java:423)
	at java.lang.reflect.Constructor.newInstance(Constructor.java:423)
Caused by: java.lang.ClassNotFoundException: io.github.teamfractal.entity.enums.PurchaseStatus
	at java.net.URLClassLoader.findClass(URLClassLoader.java:381)
	at java.lang.ClassLoader.loadClass(ClassLoader.java:424)
	at sun.misc.Launcher$AppClassLoader.loadClass(Launcher.java:331)
	at java.lang.ClassLoader.loadClass(ClassLoader.java:357)
</error>

      </testcase>

      <testcase classname="io.github.teamfractal.entity.PlayerTest$MarketPurchaseRoboticonParamaterisedTests" name="initializationError" time="0.001">
          <error message="io/github/teamfractal/entity/enums/PurchaseStatus" type="java.lang.NoClassDefFoundError">java.lang.NoClassDefFoundError: io/github/teamfractal/entity/enums/PurchaseStatus
	at java.lang.Class.getDeclaredConstructors0(Native Method)
	at java.lang.Class.privateGetDeclaredConstructors(Class.java:2671)
	at java.lang.Class.getConstructors(Class.java:1651)
	at java.lang.reflect.Constructor.newInstance(Constructor.java:423)
	at java.lang.reflect.Constructor.newInstance(Constructor.java:423)
	at java.lang.reflect.Constructor.newInstance(Constructor.java:423)
Caused by: java.lang.ClassNotFoundException: io.github.teamfractal.entity.enums.PurchaseStatus
	at java.net.URLClassLoader.findClass(URLClassLoader.java:381)
	at java.lang.ClassLoader.loadClass(ClassLoader.java:424)
	at sun.misc.Launcher$AppClassLoader.loadClass(Launcher.java:331)
	at java.lang.ClassLoader.loadClass(ClassLoader.java:357)
</error>

      </testcase>

      <testcase classname="io.github.teamfractal.entity.PlayerTest$PlayerGenerateResourcesParamaterisedTests" name="initializationError" time="0.001">
          <error message="io/github/teamfractal/entity/enums/ResourceType" type="java.lang.NoClassDefFoundError">java.lang.NoClassDefFoundError: io/github/teamfractal/entity/enums/ResourceType
	at java.lang.Class.getDeclaredConstructors0(Native Method)
	at java.lang.Class.privateGetDeclaredConstructors(Class.java:2671)
	at java.lang.Class.getConstructors(Class.java:1651)
	at java.lang.reflect.Constructor.newInstance(Constructor.java:423)
	at java.lang.reflect.Constructor.newInstance(Constructor.java:423)
	at java.lang.reflect.Constructor.newInstance(Constructor.java:423)
Caused by: java.lang.ClassNotFoundException: io.github.teamfractal.entity.enums.ResourceType
	at java.net.URLClassLoader.findClass(URLClassLoader.java:381)
	at java.lang.ClassLoader.loadClass(ClassLoader.java:424)
	at sun.misc.Launcher$AppClassLoader.loadClass(Launcher.java:331)
	at java.lang.ClassLoader.loadClass(ClassLoader.java:357)
</error>

      </testcase>

      <testcase classname="io.github.teamfractal.entity.PlayerTest$PlayerGetCustomisedRoboticonAmountListParamaterisedTests" name="initializationError" time="0.001">
          <error message="Lio/github/teamfractal/entity/Player;" type="java.lang.NoClassDefFoundError">java.lang.NoClassDefFoundError: Lio/github/teamfractal/entity/Player;
	at java.lang.Class.getDeclaredFields0(Native Method)
	at java.lang.Class.privateGetDeclaredFields(Class.java:2583)
	at java.lang.Class.getDeclaredFields(Class.java:1916)
	at java.lang.reflect.Constructor.newInstance(Constructor.java:423)
	at java.lang.reflect.Constructor.newInstance(Constructor.java:423)
	at java.lang.reflect.Constructor.newInstance(Constructor.java:423)
Caused by: java.lang.ClassNotFoundException: io.github.teamfractal.entity.Player
	at java.net.URLClassLoader.findClass(URLClassLoader.java:381)
	at java.lang.ClassLoader.loadClass(ClassLoader.java:424)
	at sun.misc.Launcher$AppClassLoader.loadClass(Launcher.java:331)
	at java.lang.ClassLoader.loadClass(ClassLoader.java:357)
</error>

      </testcase>

      <testcase classname="io.github.teamfractal.entity.PlayerTest$PlayerGetScoreParamaterisedTests" name="initializationError" time="0.0">
          <error message="Lio/github/teamfractal/entity/Player;" type="java.lang.NoClassDefFoundError">java.lang.NoClassDefFoundError: Lio/github/teamfractal/entity/Player;
	at java.lang.Class.getDeclaredFields0(Native Method)
	at java.lang.Class.privateGetDeclaredFields(Class.java:2583)
	at java.lang.Class.getDeclaredFields(Class.java:1916)
	at java.lang.reflect.Constructor.newInstance(Constructor.java:423)
	at java.lang.reflect.Constructor.newInstance(Constructor.java:423)
	at java.lang.reflect.Constructor.newInstance(Constructor.java:423)
Caused by: java.lang.ClassNotFoundException: io.github.teamfractal.entity.Player
	at java.net.URLClassLoader.findClass(URLClassLoader.java:381)
	at java.lang.ClassLoader.loadClass(ClassLoader.java:424)
	at sun.misc.Launcher$AppClassLoader.loadClass(Launcher.java:331)
	at java.lang.ClassLoader.loadClass(ClassLoader.java:357)
</error>

      </testcase>

      <testcase classname="io.github.teamfractal.entity.PlayerTest$PlayerPurhaseLandPlotParamaterisedTests" name="initializationError" time="0.001">
          <error message="Lio/github/teamfractal/entity/Player;" type="java.lang.NoClassDefFoundError">java.lang.NoClassDefFoundError: Lio/github/teamfractal/entity/Player;
	at java.lang.Class.getDeclaredFields0(Native Method)
	at java.lang.Class.privateGetDeclaredFields(Class.java:2583)
	at java.lang.Class.getDeclaredFields(Class.java:1916)
	at java.lang.reflect.Constructor.newInstance(Constructor.java:423)
	at java.lang.reflect.Constructor.newInstance(Constructor.java:423)
	at java.lang.reflect.Constructor.newInstance(Constructor.java:423)
Caused by: java.lang.ClassNotFoundException: io.github.teamfractal.entity.Player
	at java.net.URLClassLoader.findClass(URLClassLoader.java:381)
	at java.lang.ClassLoader.loadClass(ClassLoader.java:424)
	at sun.misc.Launcher$AppClassLoader.loadClass(Launcher.java:331)
	at java.lang.ClassLoader.loadClass(ClassLoader.java:357)
</error>

      </testcase>

      <testcase classname="io.github.teamfractal.entity.PlayerTest$PlayerSingleTests" name="initializationError" time="0.0">
          <error message="Lio/github/teamfractal/entity/Player;" type="java.lang.NoClassDefFoundError">java.lang.NoClassDefFoundError: Lio/github/teamfractal/entity/Player;
	at java.lang.Class.getDeclaredFields0(Native Method)
	at java.lang.Class.privateGetDeclaredFields(Class.java:2583)
	at java.lang.Class.getDeclaredFields(Class.java:1916)
	at java.lang.reflect.Constructor.newInstance(Constructor.java:423)
	at java.lang.reflect.Constructor.newInstance(Constructor.java:423)
Caused by: java.lang.ClassNotFoundException: io.github.teamfractal.entity.Player
	at java.net.URLClassLoader.findClass(URLClassLoader.java:381)
	at java.lang.ClassLoader.loadClass(ClassLoader.java:424)
	at sun.misc.Launcher$AppClassLoader.loadClass(Launcher.java:331)
	at java.lang.ClassLoader.loadClass(ClassLoader.java:357)
</error>

      </testcase>

      <system-out><![CDATA[]]></system-out>

      <system-err><![CDATA[]]></system-err>

  </testsuite>
  <testsuite errors="1" failures="0" hostname="localhost" id="16" name="PlayerUnitTest$MarketPurchaseCustomisationParamaterisedTests" package="io.github.teamfractal.entity" skipped="0" tests="1" time="0.084" timestamp="2017-02-18T13:57:27">
      <properties>
[...]
</properties>

      <testcase classname="io.github.teamfractal.entity.PlayerUnitTest$MarketPurchaseCustomisationParamaterisedTests" name="initializationError" time="0.008">
          <error message="io/github/teamfractal/entity/enums/PurchaseStatus" type="java.lang.NoClassDefFoundError">java.lang.NoClassDefFoundError: io/github/teamfractal/entity/enums/PurchaseStatus
	at java.lang.Class.getDeclaredConstructors0(Native Method)
	at java.lang.Class.privateGetDeclaredConstructors(Class.java:2671)
	at java.lang.Class.getConstructors(Class.java:1651)
	at java.lang.reflect.Constructor.newInstance(Constructor.java:423)
	at java.lang.reflect.Constructor.newInstance(Constructor.java:423)
Caused by: java.lang.ClassNotFoundException: io.github.teamfractal.entity.enums.PurchaseStatus
	at java.net.URLClassLoader.findClass(URLClassLoader.java:381)
	at java.lang.ClassLoader.loadClass(ClassLoader.java:424)
	at sun.misc.Launcher$AppClassLoader.loadClass(Launcher.java:331)
	at java.lang.ClassLoader.loadClass(ClassLoader.java:357)
</error>

      </testcase>

      <system-out><![CDATA[]]></system-out>

      <system-err><![CDATA[]]></system-err>

  </testsuite>
  <testsuite errors="1" failures="0" hostname="localhost" id="17" name="PlayerUnitTest$MarketPurchaseRoboticonParamaterisedTests" package="io.github.teamfractal.entity" skipped="0" tests="1" time="0.104" timestamp="2017-02-18T13:57:28">
      <properties>
[...]
</properties>

      <testcase classname="io.github.teamfractal.entity.PlayerUnitTest$MarketPurchaseRoboticonParamaterisedTests" name="initializationError" time="0.006">
          <error message="io/github/teamfractal/entity/enums/PurchaseStatus" type="java.lang.NoClassDefFoundError">java.lang.NoClassDefFoundError: io/github/teamfractal/entity/enums/PurchaseStatus
	at java.lang.Class.getDeclaredConstructors0(Native Method)
	at java.lang.Class.privateGetDeclaredConstructors(Class.java:2671)
	at java.lang.Class.getConstructors(Class.java:1651)
	at java.lang.reflect.Constructor.newInstance(Constructor.java:423)
	at java.lang.reflect.Constructor.newInstance(Constructor.java:423)
Caused by: java.lang.ClassNotFoundException: io.github.teamfractal.entity.enums.PurchaseStatus
	at java.net.URLClassLoader.findClass(URLClassLoader.java:381)
	at java.lang.ClassLoader.loadClass(ClassLoader.java:424)
	at sun.misc.Launcher$AppClassLoader.loadClass(Launcher.java:331)
	at java.lang.ClassLoader.loadClass(ClassLoader.java:357)
</error>

      </testcase>

      <system-out><![CDATA[]]></system-out>

      <system-err><![CDATA[]]></system-err>

  </testsuite>
  <testsuite errors="1" failures="0" hostname="localhost" id="18" name="PlayerUnitTest$PlayerGenerateResourcesParamaterisedTests" package="io.github.teamfractal.entity" skipped="0" tests="1" time="0.055" timestamp="2017-02-18T13:57:29">
      <properties>
[...]
</properties>

      <testcase classname="io.github.teamfractal.entity.PlayerUnitTest$PlayerGenerateResourcesParamaterisedTests" name="initializationError" time="0.008">
          <error message="io/github/teamfractal/entity/enums/ResourceType" type="java.lang.NoClassDefFoundError">java.lang.NoClassDefFoundError: io/github/teamfractal/entity/enums/ResourceType
	at java.lang.Class.getDeclaredConstructors0(Native Method)
	at java.lang.Class.privateGetDeclaredConstructors(Class.java:2671)
	at java.lang.Class.getConstructors(Class.java:1651)
	at java.lang.reflect.Constructor.newInstance(Constructor.java:423)
	at java.lang.reflect.Constructor.newInstance(Constructor.java:423)
Caused by: java.lang.ClassNotFoundException: io.github.teamfractal.entity.enums.ResourceType
	at java.net.URLClassLoader.findClass(URLClassLoader.java:381)
	at java.lang.ClassLoader.loadClass(ClassLoader.java:424)
	at sun.misc.Launcher$AppClassLoader.loadClass(Launcher.java:331)
	at java.lang.ClassLoader.loadClass(ClassLoader.java:357)
</error>

      </testcase>

      <system-out><![CDATA[]]></system-out>

      <system-err><![CDATA[]]></system-err>

  </testsuite>
  <testsuite errors="1" failures="0" hostname="localhost" id="19" name="PlayerUnitTest$PlayerGetScoreParamaterisedTests" package="io.github.teamfractal.entity" skipped="0" tests="1" time="0.095" timestamp="2017-02-18T13:57:30">
      <properties>
[...]
</properties>

      <testcase classname="io.github.teamfractal.entity.PlayerUnitTest$PlayerGetScoreParamaterisedTests" name="initializationError" time="0.012">
          <error message="io/github/teamfractal/entity/Market" type="java.lang.NoClassDefFoundError">java.lang.NoClassDefFoundError: io/github/teamfractal/entity/Market
	at java.lang.Class.getDeclaredMethods0(Native Method)
	at java.lang.Class.privateGetDeclaredMethods(Class.java:2701)
	at java.lang.Class.getDeclaredMethods(Class.java:1975)
	at java.lang.reflect.Constructor.newInstance(Constructor.java:423)
	at java.lang.reflect.Constructor.newInstance(Constructor.java:423)
Caused by: java.lang.ClassNotFoundException: io.github.teamfractal.entity.Market
	at java.net.URLClassLoader.findClass(URLClassLoader.java:381)
	at java.lang.ClassLoader.loadClass(ClassLoader.java:424)
	at sun.misc.Launcher$AppClassLoader.loadClass(Launcher.java:331)
	at java.lang.ClassLoader.loadClass(ClassLoader.java:357)
</error>

      </testcase>

      <system-out><![CDATA[]]></system-out>

      <system-err><![CDATA[]]></system-err>

  </testsuite>
  <testsuite errors="1" failures="0" hostname="localhost" id="20" name="PlayerUnitTest$PlayerPurhaseLandPlotParamaterisedTests" package="io.github.teamfractal.entity" skipped="0" tests="1" time="0.083" timestamp="2017-02-18T13:57:31">
      <properties>
[...]
</properties>

      <testcase classname="io.github.teamfractal.entity.PlayerUnitTest$PlayerPurhaseLandPlotParamaterisedTests" name="initializationError" time="0.007">
          <error message="io/github/teamfractal/entity/LandPlot" type="java.lang.NoClassDefFoundError">java.lang.NoClassDefFoundError: io/github/teamfractal/entity/LandPlot
	at java.lang.Class.getDeclaredMethods0(Native Method)
	at java.lang.Class.privateGetDeclaredMethods(Class.java:2701)
	at java.lang.Class.getDeclaredMethods(Class.java:1975)
	at java.lang.reflect.Constructor.newInstance(Constructor.java:423)
	at java.lang.reflect.Constructor.newInstance(Constructor.java:423)
Caused by: java.lang.ClassNotFoundException: io.github.teamfractal.entity.LandPlot
	at java.net.URLClassLoader.findClass(URLClassLoader.java:381)
	at java.lang.ClassLoader.loadClass(ClassLoader.java:424)
	at sun.misc.Launcher$AppClassLoader.loadClass(Launcher.java:331)
	at java.lang.ClassLoader.loadClass(ClassLoader.java:357)
</error>

      </testcase>

      <system-out><![CDATA[]]></system-out>

      <system-err><![CDATA[]]></system-err>

  </testsuite>
  <testsuite errors="1" failures="0" hostname="localhost" id="21" name="PlayerUnitTest$PlayerSingleTests" package="io.github.teamfractal.entity" skipped="0" tests="1" time="0.064" timestamp="2017-02-18T13:57:31">
      <properties>
[...]
</properties>

      <testcase classname="io.github.teamfractal.entity.PlayerUnitTest$PlayerSingleTests" name="initializationError" time="0.009">
          <error message="io/github/teamfractal/entity/Roboticon" type="java.lang.NoClassDefFoundError">java.lang.NoClassDefFoundError: io/github/teamfractal/entity/Roboticon
	at java.lang.Class.getDeclaredMethods0(Native Method)
	at java.lang.Class.privateGetDeclaredMethods(Class.java:2701)
	at java.lang.Class.getDeclaredMethods(Class.java:1975)
	at java.lang.reflect.Constructor.newInstance(Constructor.java:423)
Caused by: java.lang.ClassNotFoundException: io.github.teamfractal.entity.Roboticon
	at java.net.URLClassLoader.findClass(URLClassLoader.java:381)
	at java.lang.ClassLoader.loadClass(ClassLoader.java:424)
	at sun.misc.Launcher$AppClassLoader.loadClass(Launcher.java:331)
	at java.lang.ClassLoader.loadClass(ClassLoader.java:357)
</error>

      </testcase>

      <system-out><![CDATA[]]></system-out>

      <system-err><![CDATA[]]></system-err>

  </testsuite>
  <testsuite errors="1" failures="0" hostname="localhost" id="22" name="PlayerUnitTest$PlayerToPlayerSaleParamaterisedTests" package="io.github.teamfractal.entity" skipped="0" tests="1" time="0.092" timestamp="2017-02-18T13:57:32">
      <properties>
[...]
</properties>

      <testcase classname="io.github.teamfractal.entity.PlayerUnitTest$PlayerToPlayerSaleParamaterisedTests" name="initializationError" time="0.011">
          <error message="io/github/teamfractal/entity/enums/ResourceType" type="java.lang.NoClassDefFoundError">java.lang.NoClassDefFoundError: io/github/teamfractal/entity/enums/ResourceType
	at java.lang.Class.getDeclaredConstructors0(Native Method)
	at java.lang.Class.privateGetDeclaredConstructors(Class.java:2671)
	at java.lang.Class.getConstructors(Class.java:1651)
	at java.lang.reflect.Constructor.newInstance(Constructor.java:423)
	at java.lang.reflect.Constructor.newInstance(Constructor.java:423)
Caused by: java.lang.ClassNotFoundException: io.github.teamfractal.entity.enums.ResourceType
	at java.net.URLClassLoader.findClass(URLClassLoader.java:381)
	at java.lang.ClassLoader.loadClass(ClassLoader.java:424)
	at sun.misc.Launcher$AppClassLoader.loadClass(Launcher.java:331)
	at java.lang.ClassLoader.loadClass(ClassLoader.java:357)
</error>

      </testcase>

      <system-out><![CDATA[]]></system-out>

      <system-err><![CDATA[]]></system-err>

  </testsuite>
  <testsuite errors="7" failures="0" hostname="localhost" id="23" name="PlayerUnitTest" package="io.github.teamfractal.entity" skipped="0" tests="7" time="0.066" timestamp="2017-02-18T13:57:27">
      <properties>
[...]
</properties>

      <testcase classname="io.github.teamfractal.entity.PlayerUnitTest$MarketPurchaseCustomisationParamaterisedTests" name="initializationError" time="0.008">
          <error message="io/github/teamfractal/entity/enums/PurchaseStatus" type="java.lang.NoClassDefFoundError">java.lang.NoClassDefFoundError: io/github/teamfractal/entity/enums/PurchaseStatus
	at java.lang.Class.getDeclaredConstructors0(Native Method)
	at java.lang.Class.privateGetDeclaredConstructors(Class.java:2671)
	at java.lang.Class.getConstructors(Class.java:1651)
	at java.lang.reflect.Constructor.newInstance(Constructor.java:423)
	at java.lang.reflect.Constructor.newInstance(Constructor.java:423)
	at java.lang.reflect.Constructor.newInstance(Constructor.java:423)
Caused by: java.lang.ClassNotFoundException: io.github.teamfractal.entity.enums.PurchaseStatus
	at java.net.URLClassLoader.findClass(URLClassLoader.java:381)
	at java.lang.ClassLoader.loadClass(ClassLoader.java:424)
	at sun.misc.Launcher$AppClassLoader.loadClass(Launcher.java:331)
	at java.lang.ClassLoader.loadClass(ClassLoader.java:357)
</error>

      </testcase>

      <testcase classname="io.github.teamfractal.entity.PlayerUnitTest$MarketPurchaseRoboticonParamaterisedTests" name="initializationError" time="0.001">
          <error message="io/github/teamfractal/entity/enums/PurchaseStatus" type="java.lang.NoClassDefFoundError">java.lang.NoClassDefFoundError: io/github/teamfractal/entity/enums/PurchaseStatus
	at java.lang.Class.getDeclaredConstructors0(Native Method)
	at java.lang.Class.privateGetDeclaredConstructors(Class.java:2671)
	at java.lang.Class.getConstructors(Class.java:1651)
	at java.lang.reflect.Constructor.newInstance(Constructor.java:423)
	at java.lang.reflect.Constructor.newInstance(Constructor.java:423)
	at java.lang.reflect.Constructor.newInstance(Constructor.java:423)
Caused by: java.lang.ClassNotFoundException: io.github.teamfractal.entity.enums.PurchaseStatus
	at java.net.URLClassLoader.findClass(URLClassLoader.java:381)
	at java.lang.ClassLoader.loadClass(ClassLoader.java:424)
	at sun.misc.Launcher$AppClassLoader.loadClass(Launcher.java:331)
	at java.lang.ClassLoader.loadClass(ClassLoader.java:357)
</error>

      </testcase>

      <testcase classname="io.github.teamfractal.entity.PlayerUnitTest$PlayerGenerateResourcesParamaterisedTests" name="initializationError" time="0.001">
          <error message="io/github/teamfractal/entity/enums/ResourceType" type="java.lang.NoClassDefFoundError">java.lang.NoClassDefFoundError: io/github/teamfractal/entity/enums/ResourceType
	at java.lang.Class.getDeclaredConstructors0(Native Method)
	at java.lang.Class.privateGetDeclaredConstructors(Class.java:2671)
	at java.lang.Class.getConstructors(Class.java:1651)
	at java.lang.reflect.Constructor.newInstance(Constructor.java:423)
	at java.lang.reflect.Constructor.newInstance(Constructor.java:423)
	at java.lang.reflect.Constructor.newInstance(Constructor.java:423)
Caused by: java.lang.ClassNotFoundException: io.github.teamfractal.entity.enums.ResourceType
	at java.net.URLClassLoader.findClass(URLClassLoader.java:381)
	at java.lang.ClassLoader.loadClass(ClassLoader.java:424)
	at sun.misc.Launcher$AppClassLoader.loadClass(Launcher.java:331)
	at java.lang.ClassLoader.loadClass(ClassLoader.java:357)
</error>

      </testcase>

      <testcase classname="io.github.teamfractal.entity.PlayerUnitTest$PlayerGetScoreParamaterisedTests" name="initializationError" time="0.001">
          <error message="io/github/teamfractal/entity/Market" type="java.lang.NoClassDefFoundError">java.lang.NoClassDefFoundError: io/github/teamfractal/entity/Market
	at java.lang.Class.getDeclaredMethods0(Native Method)
	at java.lang.Class.privateGetDeclaredMethods(Class.java:2701)
	at java.lang.Class.getDeclaredMethods(Class.java:1975)
	at java.lang.reflect.Constructor.newInstance(Constructor.java:423)
	at java.lang.reflect.Constructor.newInstance(Constructor.java:423)
	at java.lang.reflect.Constructor.newInstance(Constructor.java:423)
Caused by: java.lang.ClassNotFoundException: io.github.teamfractal.entity.Market
	at java.net.URLClassLoader.findClass(URLClassLoader.java:381)
	at java.lang.ClassLoader.loadClass(ClassLoader.java:424)
	at sun.misc.Launcher$AppClassLoader.loadClass(Launcher.java:331)
	at java.lang.ClassLoader.loadClass(ClassLoader.java:357)
</error>

      </testcase>

      <testcase classname="io.github.teamfractal.entity.PlayerUnitTest$PlayerPurhaseLandPlotParamaterisedTests" name="initializationError" time="0.001">
          <error message="io/github/teamfractal/entity/LandPlot" type="java.lang.NoClassDefFoundError">java.lang.NoClassDefFoundError: io/github/teamfractal/entity/LandPlot
	at java.lang.Class.getDeclaredMethods0(Native Method)
	at java.lang.Class.privateGetDeclaredMethods(Class.java:2701)
	at java.lang.Class.getDeclaredMethods(Class.java:1975)
	at java.lang.reflect.Constructor.newInstance(Constructor.java:423)
	at java.lang.reflect.Constructor.newInstance(Constructor.java:423)
	at java.lang.reflect.Constructor.newInstance(Constructor.java:423)
Caused by: java.lang.ClassNotFoundException: io.github.teamfractal.entity.LandPlot
	at java.net.URLClassLoader.findClass(URLClassLoader.java:381)
	at java.lang.ClassLoader.loadClass(ClassLoader.java:424)
	at sun.misc.Launcher$AppClassLoader.loadClass(Launcher.java:331)
	at java.lang.ClassLoader.loadClass(ClassLoader.java:357)
</error>

      </testcase>

      <testcase classname="io.github.teamfractal.entity.PlayerUnitTest$PlayerSingleTests" name="initializationError" time="0.001">
          <error message="io/github/teamfractal/entity/Market" type="java.lang.NoClassDefFoundError">java.lang.NoClassDefFoundError: io/github/teamfractal/entity/Market
	at java.lang.Class.getDeclaredMethods0(Native Method)
	at java.lang.Class.privateGetDeclaredMethods(Class.java:2701)
	at java.lang.Class.getDeclaredMethods(Class.java:1975)
	at java.lang.reflect.Constructor.newInstance(Constructor.java:423)
	at java.lang.reflect.Constructor.newInstance(Constructor.java:423)
Caused by: java.lang.ClassNotFoundException: io.github.teamfractal.entity.Market
	at java.net.URLClassLoader.findClass(URLClassLoader.java:381)
	at java.lang.ClassLoader.loadClass(ClassLoader.java:424)
	at sun.misc.Launcher$AppClassLoader.loadClass(Launcher.java:331)
	at java.lang.ClassLoader.loadClass(ClassLoader.java:357)
</error>

      </testcase>

      <testcase classname="io.github.teamfractal.entity.PlayerUnitTest$PlayerToPlayerSaleParamaterisedTests" name="initializationError" time="0.001">
          <error message="io/github/teamfractal/entity/enums/ResourceType" type="java.lang.NoClassDefFoundError">java.lang.NoClassDefFoundError: io/github/teamfractal/entity/enums/ResourceType
	at java.lang.Class.getDeclaredConstructors0(Native Method)
	at java.lang.Class.privateGetDeclaredConstructors(Class.java:2671)
	at java.lang.Class.getConstructors(Class.java:1651)
	at java.lang.reflect.Constructor.newInstance(Constructor.java:423)
	at java.lang.reflect.Constructor.newInstance(Constructor.java:423)
	at java.lang.reflect.Constructor.newInstance(Constructor.java:423)
Caused by: java.lang.ClassNotFoundException: io.github.teamfractal.entity.enums.ResourceType
	at java.net.URLClassLoader.findClass(URLClassLoader.java:381)
	at java.lang.ClassLoader.loadClass(ClassLoader.java:424)
	at sun.misc.Launcher$AppClassLoader.loadClass(Launcher.java:331)
	at java.lang.ClassLoader.loadClass(ClassLoader.java:357)
</error>

      </testcase>

      <system-out><![CDATA[]]></system-out>

      <system-err><![CDATA[]]></system-err>

  </testsuite>
  <testsuite errors="1" failures="0" hostname="localhost" id="24" name="RoboticonTest" package="io.github.teamfractal.entity" skipped="0" tests="1" time="0.101" timestamp="2017-02-18T13:57:33">
      <properties>
[...]
</properties>

      <testcase classname="io.github.teamfractal.entity.RoboticonTest" name="initializationError" time="0.01">
          <error message="Lio/github/teamfractal/entity/Roboticon;" type="java.lang.NoClassDefFoundError">java.lang.NoClassDefFoundError: Lio/github/teamfractal/entity/Roboticon;
	at java.lang.Class.getDeclaredFields0(Native Method)
	at java.lang.Class.privateGetDeclaredFields(Class.java:2583)
	at java.lang.Class.getDeclaredFields(Class.java:1916)
	at java.lang.reflect.Constructor.newInstance(Constructor.java:423)
Caused by: java.lang.ClassNotFoundException: io.github.teamfractal.entity.Roboticon
	at java.net.URLClassLoader.findClass(URLClassLoader.java:381)
	at java.lang.ClassLoader.loadClass(ClassLoader.java:424)
	at sun.misc.Launcher$AppClassLoader.loadClass(Launcher.java:331)
	at java.lang.ClassLoader.loadClass(ClassLoader.java:357)
</error>

      </testcase>

      <system-out><![CDATA[]]></system-out>

      <system-err><![CDATA[]]></system-err>

  </testsuite>
  <testsuite errors="1" failures="0" hostname="localhost" id="25" name="RoboticonUnitTest" package="io.github.teamfractal.entity" skipped="0" tests="1" time="0.11" timestamp="2017-02-18T13:57:34">
      <properties>
[...]
</properties>

      <testcase classname="io.github.teamfractal.entity.RoboticonUnitTest" name="initializationError" time="0.013">
          <error message="Lio/github/teamfractal/entity/Roboticon;" type="java.lang.NoClassDefFoundError">java.lang.NoClassDefFoundError: Lio/github/teamfractal/entity/Roboticon;
	at java.lang.Class.getDeclaredFields0(Native Method)
	at java.lang.Class.privateGetDeclaredFields(Class.java:2583)
	at java.lang.Class.getDeclaredFields(Class.java:1916)
	at java.lang.reflect.Constructor.newInstance(Constructor.java:423)
Caused by: java.lang.ClassNotFoundException: io.github.teamfractal.entity.Roboticon
	at java.net.URLClassLoader.findClass(URLClassLoader.java:381)
	at java.lang.ClassLoader.loadClass(ClassLoader.java:424)
	at sun.misc.Launcher$AppClassLoader.loadClass(Launcher.java:331)
	at java.lang.ClassLoader.loadClass(ClassLoader.java:357)
</error>

      </testcase>

      <system-out><![CDATA[]]></system-out>

      <system-err><![CDATA[]]></system-err>

  </testsuite>
  <testsuite errors="10" failures="0" hostname="localhost" id="26" name="RandomEventsTests" package="io.github.teamfractal.util" skipped="0" tests="10" time="0.089" timestamp="2017-02-18T13:57:35">
      <properties>
[...]
</properties>

      <testcase classname="io.github.teamfractal.util.RandomEventsTests" name="testGeeseTwoFoodTakenFive" time="0.012">
          <error message="io/github/teamfractal/RoboticonQuest" type="java.lang.NoClassDefFoundError">java.lang.NoClassDefFoundError: io/github/teamfractal/RoboticonQuest
	at io.github.teamfractal.util.RandomEventsTests.testGeeseTwoFoodTakenFive(RandomEventsTests.java:124)
Caused by: java.lang.ClassNotFoundException: io.github.teamfractal.RoboticonQuest
	at java.net.URLClassLoader.findClass(URLClassLoader.java:381)
	at java.lang.ClassLoader.loadClass(ClassLoader.java:424)
	at java.lang.ClassLoader.loadClass(ClassLoader.java:357)
</error>

      </testcase>

      <testcase classname="io.github.teamfractal.util.RandomEventsTests" name="testGeeseTwoFoodTakenFour" time="0.001">
          <error message="io/github/teamfractal/RoboticonQuest" type="java.lang.NoClassDefFoundError">java.lang.NoClassDefFoundError: io/github/teamfractal/RoboticonQuest
	at io.github.teamfractal.util.RandomEventsTests.testGeeseTwoFoodTakenFour(RandomEventsTests.java:97)
</error>

      </testcase>

      <testcase classname="io.github.teamfractal.util.RandomEventsTests" name="testAmountOfMoneyInTreasureChestReturnDifferentValues" time="0.002">
          <error message="io/github/teamfractal/RoboticonQuest" type="java.lang.NoClassDefFoundError">java.lang.NoClassDefFoundError: io/github/teamfractal/RoboticonQuest
	at io.github.teamfractal.util.RandomEventsTests.testAmountOfMoneyInTreasureChestReturnDifferentValues(RandomEventsTests.java:138)
</error>

      </testcase>

      <testcase classname="io.github.teamfractal.util.RandomEventsTests" name="testAmountOfMoneyInTreasureChestAddedtoPlayer" time="0.002">
          <error message="io/github/teamfractal/RoboticonQuest" type="java.lang.NoClassDefFoundError">java.lang.NoClassDefFoundError: io/github/teamfractal/RoboticonQuest
	at io.github.teamfractal.util.RandomEventsTests.testAmountOfMoneyInTreasureChestAddedtoPlayer(RandomEventsTests.java:156)
</error>

      </testcase>

      <testcase classname="io.github.teamfractal.util.RandomEventsTests" name="testGeeseReturnHalfFoodFive" time="0.002">
          <error message="io/github/teamfractal/RoboticonQuest" type="java.lang.NoClassDefFoundError">java.lang.NoClassDefFoundError: io/github/teamfractal/RoboticonQuest
	at io.github.teamfractal.util.RandomEventsTests.testGeeseReturnHalfFoodFive(RandomEventsTests.java:111)
</error>

      </testcase>

      <testcase classname="io.github.teamfractal.util.RandomEventsTests" name="testGeeseReturnHalfFoodFour" time="0.001">
          <error message="io/github/teamfractal/RoboticonQuest" type="java.lang.NoClassDefFoundError">java.lang.NoClassDefFoundError: io/github/teamfractal/RoboticonQuest
	at io.github.teamfractal.util.RandomEventsTests.testGeeseReturnHalfFoodFour(RandomEventsTests.java:84)
</error>

      </testcase>

      <testcase classname="io.github.teamfractal.util.RandomEventsTests" name="testGeeseReturnHalfFoodZero" time="0.001">
          <error message="io/github/teamfractal/RoboticonQuest" type="java.lang.NoClassDefFoundError">java.lang.NoClassDefFoundError: io/github/teamfractal/RoboticonQuest
	at io.github.teamfractal.util.RandomEventsTests.testGeeseReturnHalfFoodZero(RandomEventsTests.java:30)
</error>

      </testcase>

      <testcase classname="io.github.teamfractal.util.RandomEventsTests" name="testGeeseNoFoodTakenOne" time="0.001">
          <error message="io/github/teamfractal/RoboticonQuest" type="java.lang.NoClassDefFoundError">java.lang.NoClassDefFoundError: io/github/teamfractal/RoboticonQuest
	at io.github.teamfractal.util.RandomEventsTests.testGeeseNoFoodTakenOne(RandomEventsTests.java:70)
</error>

      </testcase>

      <testcase classname="io.github.teamfractal.util.RandomEventsTests" name="testGeeseReturnHalfFoodOne" time="0.001">
          <error message="io/github/teamfractal/RoboticonQuest" type="java.lang.NoClassDefFoundError">java.lang.NoClassDefFoundError: io/github/teamfractal/RoboticonQuest
	at io.github.teamfractal.util.RandomEventsTests.testGeeseReturnHalfFoodOne(RandomEventsTests.java:57)
</error>

      </testcase>

      <testcase classname="io.github.teamfractal.util.RandomEventsTests" name="testGeeseNoFoodTakenZero" time="0.001">
          <error message="io/github/teamfractal/RoboticonQuest" type="java.lang.NoClassDefFoundError">java.lang.NoClassDefFoundError: io/github/teamfractal/RoboticonQuest
	at io.github.teamfractal.util.RandomEventsTests.testGeeseNoFoodTakenZero(RandomEventsTests.java:43)
</error>

      </testcase>

      <system-out><![CDATA[]]></system-out>

      <system-err><![CDATA[]]></system-err>

  </testsuite>
  <testsuite errors="1" failures="0" hostname="localhost" id="27" name="RandomEventsUnitTests" package="io.github.teamfractal.util" skipped="0" tests="1" time="0.09" timestamp="2017-02-18T13:57:36">
      <properties>
[...]
</properties>

      <testcase classname="io.github.teamfractal.util.RandomEventsUnitTests" name="initializationError" time="0.009">
          <error message="io/github/teamfractal/entity/Player" type="java.lang.NoClassDefFoundError">java.lang.NoClassDefFoundError: io/github/teamfractal/entity/Player
	at java.lang.Class.getDeclaredMethods0(Native Method)
	at java.lang.Class.privateGetDeclaredMethods(Class.java:2701)
	at java.lang.Class.getDeclaredMethods(Class.java:1975)
	at java.lang.reflect.Constructor.newInstance(Constructor.java:423)
Caused by: java.lang.ClassNotFoundException: io.github.teamfractal.entity.Player
	at java.net.URLClassLoader.findClass(URLClassLoader.java:381)
	at java.lang.ClassLoader.loadClass(ClassLoader.java:424)
	at sun.misc.Launcher$AppClassLoader.loadClass(Launcher.java:331)
	at java.lang.ClassLoader.loadClass(ClassLoader.java:357)
</error>

      </testcase>

      <system-out><![CDATA[]]></system-out>

      <system-err><![CDATA[]]></system-err>

  </testsuite>
  <testsuite errors="1" failures="0" hostname="localhost" id="28" name="ScoreComparisonsTest" package="io.github.teamfractal.util" skipped="0" tests="1" time="0.08" timestamp="2017-02-18T13:57:37">
      <properties>
[...]
</properties>

      <testcase classname="io.github.teamfractal.util.ScoreComparisonsTest" name="initializationError" time="0.008">
          <error message="Lio/github/teamfractal/entity/Player;" type="java.lang.NoClassDefFoundError">java.lang.NoClassDefFoundError: Lio/github/teamfractal/entity/Player;
	at java.lang.Class.getDeclaredFields0(Native Method)
	at java.lang.Class.privateGetDeclaredFields(Class.java:2583)
	at java.lang.Class.getDeclaredFields(Class.java:1916)
	at java.lang.reflect.Constructor.newInstance(Constructor.java:423)
Caused by: java.lang.ClassNotFoundException: io.github.teamfractal.entity.Player
	at java.net.URLClassLoader.findClass(URLClassLoader.java:381)
	at java.lang.ClassLoader.loadClass(ClassLoader.java:424)
	at sun.misc.Launcher$AppClassLoader.loadClass(Launcher.java:331)
	at java.lang.ClassLoader.loadClass(ClassLoader.java:357)
</error>

      </testcase>

      <system-out><![CDATA[]]></system-out>

      <system-err><![CDATA[]]></system-err>

  </testsuite>
  <testsuite errors="1" failures="0" hostname="localhost" id="29" name="ScoreComparisonsUnitTest" package="io.github.teamfractal.util" skipped="0" tests="1" time="0.049" timestamp="2017-02-18T13:57:37">
      <properties>
[...]
</properties>

      <testcase classname="io.github.teamfractal.util.ScoreComparisonsUnitTest" name="initializationError" time="0.006">
          <error message="io/github/teamfractal/entity/Player" type="java.lang.NoClassDefFoundError">java.lang.NoClassDefFoundError: io/github/teamfractal/entity/Player
	at java.lang.Class.getDeclaredMethods0(Native Method)
	at java.lang.Class.privateGetDeclaredMethods(Class.java:2701)
	at java.lang.Class.getDeclaredMethods(Class.java:1975)
	at java.lang.reflect.Constructor.newInstance(Constructor.java:423)
Caused by: java.lang.ClassNotFoundException: io.github.teamfractal.entity.Player
	at java.net.URLClassLoader.findClass(URLClassLoader.java:381)
	at java.lang.ClassLoader.loadClass(ClassLoader.java:424)
	at sun.misc.Launcher$AppClassLoader.loadClass(Launcher.java:331)
	at java.lang.ClassLoader.loadClass(ClassLoader.java:357)
</error>

      </testcase>

      <system-out><![CDATA[]]></system-out>

      <system-err><![CDATA[]]></system-err>

  </testsuite>
  <testsuite errors="1" failures="0" hostname="localhost" id="30" name="StringUtilTest$StringUtilTestStringToResource" package="io.github.teamfractal.util" skipped="0" tests="1" time="0.062" timestamp="2017-02-18T13:57:39">
      <properties>
[...]
</properties>

      <testcase classname="io.github.teamfractal.util.StringUtilTest$StringUtilTestStringToResource" name="initializationError" time="0.007">
          <error message="io/github/teamfractal/entity/enums/ResourceType" type="java.lang.NoClassDefFoundError">java.lang.NoClassDefFoundError: io/github/teamfractal/entity/enums/ResourceType
	at java.lang.Class.getDeclaredConstructors0(Native Method)
	at java.lang.Class.privateGetDeclaredConstructors(Class.java:2671)
	at java.lang.Class.getConstructors(Class.java:1651)
	at java.lang.reflect.Constructor.newInstance(Constructor.java:423)
	at java.lang.reflect.Constructor.newInstance(Constructor.java:423)
Caused by: java.lang.ClassNotFoundException: io.github.teamfractal.entity.enums.ResourceType
	at java.net.URLClassLoader.findClass(URLClassLoader.java:381)
	at java.lang.ClassLoader.loadClass(ClassLoader.java:424)
	at sun.misc.Launcher$AppClassLoader.loadClass(Launcher.java:331)
	at java.lang.ClassLoader.loadClass(ClassLoader.java:357)
</error>

      </testcase>

      <system-out><![CDATA[]]></system-out>

      <system-err><![CDATA[]]></system-err>

  </testsuite>
  <testsuite errors="1" failures="0" hostname="localhost" id="31" name="StringUtilTest" package="io.github.teamfractal.util" skipped="0" tests="1" time="0.07" timestamp="2017-02-18T13:57:38">
      <properties>
[...]
</properties>

      <testcase classname="io.github.teamfractal.util.StringUtilTest$StringUtilTestStringToResource" name="initializationError" time="0.007">
          <error message="io/github/teamfractal/entity/enums/ResourceType" type="java.lang.NoClassDefFoundError">java.lang.NoClassDefFoundError: io/github/teamfractal/entity/enums/ResourceType
	at java.lang.Class.getDeclaredConstructors0(Native Method)
	at java.lang.Class.privateGetDeclaredConstructors(Class.java:2671)
	at java.lang.Class.getConstructors(Class.java:1651)
	at java.lang.reflect.Constructor.newInstance(Constructor.java:423)
	at java.lang.reflect.Constructor.newInstance(Constructor.java:423)
	at java.lang.reflect.Constructor.newInstance(Constructor.java:423)
Caused by: java.lang.ClassNotFoundException: io.github.teamfractal.entity.enums.ResourceType
	at java.net.URLClassLoader.findClass(URLClassLoader.java:381)
	at java.lang.ClassLoader.loadClass(ClassLoader.java:424)
	at sun.misc.Launcher$AppClassLoader.loadClass(Launcher.java:331)
	at java.lang.ClassLoader.loadClass(ClassLoader.java:357)
</error>

      </testcase>

      <system-out><![CDATA[]]></system-out>

      <system-err><![CDATA[]]></system-err>

  </testsuite>
</testsuites>
