<?xml version="1.0" encoding="UTF-8" ?>
<testsuite errors="2" failures="0" hostname="localhost" name="io.github.teamfractal.entity.LandPlotTest" skipped="0" tests="2" time="0.063" timestamp="2017-02-18T13:57:16">
  <properties>
[...]
</properties>
  <testcase classname="io.github.teamfractal.entity.LandPlotTest$LandPlotParamTests" name="initializationError" time="0.008">
    <error message="io/github/teamfractal/entity/enums/ResourceType" type="java.lang.NoClassDefFoundError">java.lang.NoClassDefFoundError: io/github/teamfractal/entity/enums/ResourceType
	at java.lang.Class.getDeclaredConstructors0(Native Method)
	at java.lang.Class.privateGetDeclaredConstructors(Class.java:2671)
	at java.lang.Class.getConstructors(Class.java:1651)
	at java.lang.reflect.Constructor.newInstance(Constructor.java:423)
	at java.lang.reflect.Constructor.newInstance(Constructor.java:423)
	at java.lang.reflect.Constructor.newInstance(Constructor.java:423)
Caused by: java.lang.ClassNotFoundException: io.github.teamfractal.entity.enums.ResourceType
	at java.net.URLClassLoader.findClass(URLClassLoader.java:381)
	at java.lang.ClassLoader.loadClass(ClassLoader.java:424)
	at sun.misc.Launcher$AppClassLoader.loadClass(Launcher.java:331)
	at java.lang.ClassLoader.loadClass(ClassLoader.java:357)
</error>
  </testcase>
  <testcase classname="io.github.teamfractal.entity.LandPlotTest$LandPlotSingleTests" name="initializationError" time="0.001">
    <error message="Lio/github/teamfractal/entity/LandPlot;" type="java.lang.NoClassDefFoundError">java.lang.NoClassDefFoundError: Lio/github/teamfractal/entity/LandPlot;
	at java.lang.Class.getDeclaredFields0(Native Method)
	at java.lang.Class.privateGetDeclaredFields(Class.java:2583)
	at java.lang.Class.getDeclaredFields(Class.java:1916)
	at java.lang.reflect.Constructor.newInstance(Constructor.java:423)
	at java.lang.reflect.Constructor.newInstance(Constructor.java:423)
Caused by: java.lang.ClassNotFoundException: io.github.teamfractal.entity.LandPlot
	at java.net.URLClassLoader.findClass(URLClassLoader.java:381)
	at java.lang.ClassLoader.loadClass(ClassLoader.java:424)
	at sun.misc.Launcher$AppClassLoader.loadClass(Launcher.java:331)
	at java.lang.ClassLoader.loadClass(ClassLoader.java:357)
</error>
  </testcase>
  <system-out><![CDATA[]]></system-out>
  <system-err><![CDATA[]]></system-err>
</testsuite>
